app/build/intermediates/manifest_merge_blame_file/freeDebug/manifest-merger-blame-free-debug-report.txt
1<?xml version="1.0" encoding="utf-8"?>
2<manifest xmlns:android="http://schemas.android.com/apk/res/android"
3    package="com.androidbull.mypronounce"
4    android:versionCode="33"
5    android:versionName="3.3.35" >
6
7    <uses-sdk
8        android:minSdkVersion="19"
8-->src\main\AndroidManifest.xml
9        android:targetSdkVersion="30" />
9-->src\main\AndroidManifest.xml
10
11    <uses-permission android:name="android.permission.INTERNET" />
11-->src\main\AndroidManifest.xml:6:5-67
11-->src\main\AndroidManifest.xml:6:22-64
12    <uses-permission android:name="com.android.vending.BILLING" />
12-->src\main\AndroidManifest.xml:7:5-67
12-->src\main\AndroidManifest.xml:7:22-64
13    <uses-permission android:name="android.permission.ACCESS_COARSE_LOCATION" />
13-->src\main\AndroidManifest.xml:8:5-81
13-->src\main\AndroidManifest.xml:8:22-78
14    <uses-permission android:name="android.permission.ACCESS_FINE_LOCATION" />
14-->src\main\AndroidManifest.xml:9:5-79
14-->src\main\AndroidManifest.xml:9:22-76
15    <uses-permission android:name="android.permission.BLUETOOTH" />
15-->src\main\AndroidManifest.xml:10:5-68
15-->src\main\AndroidManifest.xml:10:22-65
16    <uses-permission android:name="android.permission.VIBRATE" />
16-->src\main\AndroidManifest.xml:11:5-66
16-->src\main\AndroidManifest.xml:11:22-63
17    <uses-permission android:name="android.permission.RECEIVE_BOOT_COMPLETED" />
17-->src\main\AndroidManifest.xml:12:5-81
17-->src\main\AndroidManifest.xml:12:22-78
18    <uses-permission android:name="android.permission.RECORD_AUDIO" />
18-->src\main\AndroidManifest.xml:13:5-71
18-->src\main\AndroidManifest.xml:13:22-68
19    <uses-permission android:name="android.permission.SET_ALARM" />
19-->src\main\AndroidManifest.xml:14:5-68
19-->src\main\AndroidManifest.xml:14:22-65
20    <uses-permission android:name="android.permission.FOREGROUND_SERVICE" />
20-->src\main\AndroidManifest.xml:15:5-77
20-->src\main\AndroidManifest.xml:15:22-74
21    <uses-permission android:name="android.permission.ACCESS_NETWORK_STATE" />
21-->src\main\AndroidManifest.xml:16:5-79
21-->src\main\AndroidManifest.xml:16:22-76
22    <uses-permission android:name="android.permission.WAKE_LOCK" />
22-->src\main\AndroidManifest.xml:17:5-68
22-->src\main\AndroidManifest.xml:17:22-65
23
24    <supports-screens
24-->src\main\AndroidManifest.xml:19:5-25:40
25        android:anyDensity="true"
25-->src\main\AndroidManifest.xml:20:9-34
26        android:largeScreens="true"
26-->src\main\AndroidManifest.xml:21:9-36
27        android:normalScreens="true"
27-->src\main\AndroidManifest.xml:22:9-37
28        android:resizeable="true"
28-->src\main\AndroidManifest.xml:23:9-34
29        android:smallScreens="true"
29-->src\main\AndroidManifest.xml:24:9-36
30        android:xlargeScreens="true" />
30-->src\main\AndroidManifest.xml:25:9-37
31
32    <!-- Android package visibility setting -->
33    <queries>
33-->[com.google.android.gms:play-services-ads-lite:19.6.0] AndroidManifest.xml:27:5-38:15
34
35        <!-- For browser content -->
36        <intent>
36-->[com.google.android.gms:play-services-ads-lite:19.6.0] AndroidManifest.xml:30:9-36:18
37            <action android:name="android.intent.action.VIEW" />
37-->[com.facebook.android:facebook-common:5.15.3] AndroidManifest.xml:40:17-69
37-->[com.facebook.android:facebook-common:5.15.3] AndroidManifest.xml:40:25-66
38
39            <category android:name="android.intent.category.BROWSABLE" />
39-->[com.facebook.android:facebook-common:5.15.3] AndroidManifest.xml:43:17-78
39-->[com.facebook.android:facebook-common:5.15.3] AndroidManifest.xml:43:27-75
40
41            <data android:scheme="https" />
41-->[com.facebook.android:facebook-common:5.15.3] AndroidManifest.xml:45:17-47:50
41-->[com.facebook.android:facebook-common:5.15.3] AndroidManifest.xml:47:21-47
42        </intent>
43        <!-- End of browser content -->
44    </queries>
45
46    <uses-permission android:name="com.google.android.finsky.permission.BIND_GET_INSTALL_REFERRER_SERVICE" />
46-->[com.google.android.gms:play-services-measurement:17.5.0] AndroidManifest.xml:26:5-110
46-->[com.google.android.gms:play-services-measurement:17.5.0] AndroidManifest.xml:26:22-107
47
48    <application
48-->src\main\AndroidManifest.xml:27:5-103:19
49        android:name="com.androidbull.mypronounce.App"
49-->src\main\AndroidManifest.xml:28:9-28
50        android:allowBackup="true"
50-->src\main\AndroidManifest.xml:29:9-35
51        android:appComponentFactory="androidx.core.app.CoreComponentFactory"
51-->[androidx.core:core:1.3.0] AndroidManifest.xml:24:18-86
52        android:debuggable="true"
53        android:hardwareAccelerated="true"
53-->src\main\AndroidManifest.xml:30:9-43
54        android:icon="@mipmap/ic_launcher"
54-->src\main\AndroidManifest.xml:31:9-43
55        android:label="@string/app_name"
55-->src\main\AndroidManifest.xml:32:9-41
56        android:largeHeap="false"
56-->src\main\AndroidManifest.xml:33:9-34
57        android:roundIcon="@drawable/app_icon"
57-->src\main\AndroidManifest.xml:34:9-47
58        android:supportsRtl="true"
58-->src\main\AndroidManifest.xml:35:9-35
59        android:testOnly="true"
60        android:theme="@style/AppTheme" >
60-->src\main\AndroidManifest.xml:36:9-40
61
62        <!-- Sample AdMob app ID: ca-app-pub-3940256099942544~3347511713 -->
63        <!-- TODO Add your AdMOb App Id Here -->
64        <meta-data
64-->src\main\AndroidManifest.xml:41:9-43:69
65            android:name="com.google.android.gms.ads.APPLICATION_ID"
65-->src\main\AndroidManifest.xml:42:13-69
66            android:value="ca-app-pub-3940256099942544~3347511713" />
66-->src\main\AndroidManifest.xml:43:13-67
67
68        <activity android:name="com.androidbull.mypronounce.ui.feature.practicesentence.PracticeSentenceActivity" />
68-->src\main\AndroidManifest.xml:45:9-90
68-->src\main\AndroidManifest.xml:45:19-87
69
70        <meta-data
70-->src\main\AndroidManifest.xml:48:9-50:55
71            android:name="com.facebook.sdk.ApplicationId"
71-->src\main\AndroidManifest.xml:49:13-58
72            android:value="@string/facebook_app_id" />
72-->src\main\AndroidManifest.xml:50:13-52
73
74        <activity
74-->src\main\AndroidManifest.xml:52:9-61:20
75            android:name="com.androidbull.mypronounce.activities.MainActivity"
75-->src\main\AndroidManifest.xml:53:13-52
76            android:label="@string/app_name"
76-->src\main\AndroidManifest.xml:54:13-45
77            android:theme="@style/AppTheme.NoActionBar" >
77-->src\main\AndroidManifest.xml:55:13-56
78            <intent-filter>
78-->src\main\AndroidManifest.xml:56:13-60:29
79                <action android:name="android.intent.action.MAIN" />
79-->src\main\AndroidManifest.xml:57:17-69
79-->src\main\AndroidManifest.xml:57:25-66
80
81                <category android:name="android.intent.category.LAUNCHER" />
81-->src\main\AndroidManifest.xml:59:17-77
81-->src\main\AndroidManifest.xml:59:27-74
82            </intent-filter>
83        </activity>
84        <activity
84-->src\main\AndroidManifest.xml:62:9-64:47
85            android:name="com.androidbull.mypronounce.activities.SpeakActivity"
85-->src\main\AndroidManifest.xml:63:13-53
86            android:label="Speech Activity" />
86-->src\main\AndroidManifest.xml:64:13-44
87        <activity
87-->src\main\AndroidManifest.xml:65:9-67:45
88            android:name="com.androidbull.mypronounce.ui.feature.dailylesson.DailyLessonActivity"
88-->src\main\AndroidManifest.xml:66:13-71
89            android:label="Daily Lessons" />
89-->src\main\AndroidManifest.xml:67:13-42
90        <activity
90-->src\main\AndroidManifest.xml:68:9-70:51
91            android:name="com.androidbull.mypronounce.activities.PronunciationGuideActivity"
91-->src\main\AndroidManifest.xml:69:13-66
92            android:label="Pronunciation Guide" />
92-->src\main\AndroidManifest.xml:70:13-48
93        <activity
93-->src\main\AndroidManifest.xml:71:9-73:41
94            android:name="com.androidbull.mypronounce.activities.HomoPhoneActivity"
94-->src\main\AndroidManifest.xml:72:13-57
95            android:label="Homophone" />
95-->src\main\AndroidManifest.xml:73:13-38
96        <activity
96-->src\main\AndroidManifest.xml:74:9-76:38
97            android:name="com.androidbull.mypronounce.activities.TutorialActivity"
97-->src\main\AndroidManifest.xml:75:13-56
98            android:label="Lesson" />
98-->src\main\AndroidManifest.xml:76:13-35
99        <activity android:name="com.androidbull.mypronounce.DailyLessons.ui.LessonActivity" />
99-->src\main\AndroidManifest.xml:77:9-68
99-->src\main\AndroidManifest.xml:77:19-65
100        <activity android:name="com.androidbull.mypronounce.DailyLessons.ui.DetailedActivity" /> <!-- //Receivers for Notification -->
100-->src\main\AndroidManifest.xml:78:9-70
100-->src\main\AndroidManifest.xml:78:19-67
101        <receiver
101-->src\main\AndroidManifest.xml:79:9-81:40
102            android:name="com.androidbull.mypronounce.DailyLessons$receiver$NotificationClickedReceiver"
102-->src\main\AndroidManifest.xml:80:13-78
103            android:exported="false" />
103-->src\main\AndroidManifest.xml:81:13-37
104        <receiver
104-->src\main\AndroidManifest.xml:82:9-84:40
105            android:name="com.androidbull.mypronounce.DailyLessons$receiver$NotificationDismissReceiver"
105-->src\main\AndroidManifest.xml:83:13-78
106            android:exported="false" />
106-->src\main\AndroidManifest.xml:84:13-37
107        <receiver
107-->src\main\AndroidManifest.xml:85:9-87:40
108            android:name="com.androidbull.mypronounce.DailyLessons$receiver$NotificationReceiver"
108-->src\main\AndroidManifest.xml:86:13-71
109            android:exported="false" />
109-->src\main\AndroidManifest.xml:87:13-37
110        <receiver
110-->src\main\AndroidManifest.xml:88:9-95:20
111            android:name="com.androidbull.mypronounce.receiver.BootBroadcastReceiver"
111-->src\main\AndroidManifest.xml:89:13-59
112            android:enabled="true"
112-->src\main\AndroidManifest.xml:90:13-35
113            android:exported="true" >
113-->src\main\AndroidManifest.xml:91:13-36
114            <intent-filter>
114-->src\main\AndroidManifest.xml:92:13-94:29
115                <action android:name="android.intent.action.BOOT_COMPLETED" />
115-->src\main\AndroidManifest.xml:93:17-79
115-->src\main\AndroidManifest.xml:93:25-76
116            </intent-filter>
117        </receiver>
118        <receiver
118-->src\main\AndroidManifest.xml:96:9-99:39
119            android:name="com.androidbull.mypronounce.ui.feature.dailylesson.receiver.DailyLessonNotificationManager"
119-->src\main\AndroidManifest.xml:97:13-91
120            android:enabled="true"
120-->src\main\AndroidManifest.xml:98:13-35
121            android:exported="true" />
121-->src\main\AndroidManifest.xml:99:13-36
122
123        <activity android:name="com.androidbull.mypronounce.ui.feature.pronunciationchecker.PronunciationCheckerActivity" />
123-->src\main\AndroidManifest.xml:101:9-98
123-->src\main\AndroidManifest.xml:101:19-95
124        <activity android:name="com.androidbull.mypronounce.ui.feature.practiceword.PracticeWordActivity" />
124-->src\main\AndroidManifest.xml:102:9-82
124-->src\main\AndroidManifest.xml:102:19-79
125        <activity
125-->[com.facebook.android:facebook-common:5.15.3] AndroidManifest.xml:30:9-33:66
126            android:name="com.facebook.FacebookActivity"
126-->[com.facebook.android:facebook-common:5.15.3] AndroidManifest.xml:31:13-57
127            android:configChanges="keyboard|keyboardHidden|screenLayout|screenSize|orientation"
127-->[com.facebook.android:facebook-common:5.15.3] AndroidManifest.xml:32:13-96
128            android:theme="@style/com_facebook_activity_theme" />
128-->[com.facebook.android:facebook-common:5.15.3] AndroidManifest.xml:33:13-63
129        <activity android:name="com.facebook.CustomTabMainActivity" />
129-->[com.facebook.android:facebook-common:5.15.3] AndroidManifest.xml:34:9-71
129-->[com.facebook.android:facebook-common:5.15.3] AndroidManifest.xml:34:19-68
130        <activity
130-->[com.facebook.android:facebook-common:5.15.3] AndroidManifest.xml:35:9-49:20
131            android:name="com.facebook.CustomTabActivity"
131-->[com.facebook.android:facebook-common:5.15.3] AndroidManifest.xml:36:13-58
132            android:exported="true" >
132-->[com.facebook.android:facebook-common:5.15.3] AndroidManifest.xml:37:13-36
133            <intent-filter>
133-->[com.facebook.android:facebook-common:5.15.3] AndroidManifest.xml:39:13-48:29
134                <action android:name="android.intent.action.VIEW" />
134-->[com.facebook.android:facebook-common:5.15.3] AndroidManifest.xml:40:17-69
134-->[com.facebook.android:facebook-common:5.15.3] AndroidManifest.xml:40:25-66
135
136                <category android:name="android.intent.category.DEFAULT" />
136-->[com.facebook.android:facebook-common:5.15.3] AndroidManifest.xml:42:17-76
136-->[com.facebook.android:facebook-common:5.15.3] AndroidManifest.xml:42:27-73
137                <category android:name="android.intent.category.BROWSABLE" />
137-->[com.facebook.android:facebook-common:5.15.3] AndroidManifest.xml:43:17-78
137-->[com.facebook.android:facebook-common:5.15.3] AndroidManifest.xml:43:27-75
138
139                <data
139-->[com.facebook.android:facebook-common:5.15.3] AndroidManifest.xml:45:17-47:50
140                    android:host="cct.com.androidbull.mypronounce"
140-->[com.facebook.android:facebook-common:5.15.3] AndroidManifest.xml:46:21-56
141                    android:scheme="fbconnect" />
141-->[com.facebook.android:facebook-common:5.15.3] AndroidManifest.xml:47:21-47
142            </intent-filter>
143        </activity>
144
145        <service
145-->[com.google.firebase:firebase-database:19.3.1] AndroidManifest.xml:29:9-35:19
146            android:name="com.google.firebase.components.ComponentDiscoveryService"
146-->[com.google.firebase:firebase-database:19.3.1] AndroidManifest.xml:30:13-84
147            android:directBootAware="true"
147-->[com.google.firebase:firebase-common:19.3.0] AndroidManifest.xml:34:13-43
148            android:exported="false" >
148-->[com.google.firebase:firebase-database:19.3.1] AndroidManifest.xml:31:13-37
149            <meta-data
149-->[com.google.firebase:firebase-database:19.3.1] AndroidManifest.xml:32:13-34:85
150                android:name="com.google.firebase.components:com.google.firebase.database.DatabaseRegistrar"
150-->[com.google.firebase:firebase-database:19.3.1] AndroidManifest.xml:33:17-109
151                android:value="com.google.firebase.components.ComponentRegistrar" />
151-->[com.google.firebase:firebase-database:19.3.1] AndroidManifest.xml:34:17-82
152            <meta-data
152-->[com.google.android.gms:play-services-measurement-api:17.5.0] AndroidManifest.xml:30:13-32:85
153                android:name="com.google.firebase.components:com.google.firebase.analytics.connector.internal.AnalyticsConnectorRegistrar"
153-->[com.google.android.gms:play-services-measurement-api:17.5.0] AndroidManifest.xml:31:17-139
154                android:value="com.google.firebase.components.ComponentRegistrar" />
154-->[com.google.android.gms:play-services-measurement-api:17.5.0] AndroidManifest.xml:32:17-82
155            <meta-data
155-->[com.google.firebase:firebase-installations:16.3.2] AndroidManifest.xml:17:13-19:85
156                android:name="com.google.firebase.components:com.google.firebase.installations.FirebaseInstallationsRegistrar"
156-->[com.google.firebase:firebase-installations:16.3.2] AndroidManifest.xml:18:17-127
157                android:value="com.google.firebase.components.ComponentRegistrar" />
157-->[com.google.firebase:firebase-installations:16.3.2] AndroidManifest.xml:19:17-82
158        </service> <!-- Include the AdActivity and InAppPurchaseActivity configChanges and themes. -->
159        <activity
159-->[com.google.android.gms:play-services-ads-lite:19.6.0] AndroidManifest.xml:43:9-47:64
160            android:name="com.google.android.gms.ads.AdActivity"
160-->[com.google.android.gms:play-services-ads-lite:19.6.0] AndroidManifest.xml:44:13-65
161            android:configChanges="keyboard|keyboardHidden|orientation|screenLayout|uiMode|screenSize|smallestScreenSize"
161-->[com.google.android.gms:play-services-ads-lite:19.6.0] AndroidManifest.xml:45:13-122
162            android:exported="false"
162-->[com.google.android.gms:play-services-ads-lite:19.6.0] AndroidManifest.xml:46:13-37
163            android:theme="@android:style/Theme.Translucent" />
163-->[com.google.android.gms:play-services-ads-lite:19.6.0] AndroidManifest.xml:47:13-61
164
165        <provider
165-->[com.google.android.gms:play-services-ads-lite:19.6.0] AndroidManifest.xml:49:9-53:39
166            android:name="com.google.android.gms.ads.MobileAdsInitProvider"
166-->[com.google.android.gms:play-services-ads-lite:19.6.0] AndroidManifest.xml:50:13-76
167            android:authorities="com.androidbull.mypronounce.mobileadsinitprovider"
167-->[com.google.android.gms:play-services-ads-lite:19.6.0] AndroidManifest.xml:51:13-73
168            android:exported="false"
168-->[com.google.android.gms:play-services-ads-lite:19.6.0] AndroidManifest.xml:52:13-37
169            android:initOrder="100" />
169-->[com.google.android.gms:play-services-ads-lite:19.6.0] AndroidManifest.xml:53:13-36
170
171        <service
171-->[com.google.android.gms:play-services-ads-lite:19.6.0] AndroidManifest.xml:55:9-58:40
172            android:name="com.google.android.gms.ads.AdService"
172-->[com.google.android.gms:play-services-ads-lite:19.6.0] AndroidManifest.xml:56:13-64
173            android:enabled="true"
173-->[com.google.android.gms:play-services-ads-lite:19.6.0] AndroidManifest.xml:57:13-35
174            android:exported="false" />
174-->[com.google.android.gms:play-services-ads-lite:19.6.0] AndroidManifest.xml:58:13-37
175
176        <provider
176-->[androidx.work:work-runtime:2.1.0] AndroidManifest.xml:30:9-36:35
177            android:name="androidx.work.impl.WorkManagerInitializer"
177-->[androidx.work:work-runtime:2.1.0] AndroidManifest.xml:31:13-69
178            android:authorities="com.androidbull.mypronounce.workmanager-init"
178-->[androidx.work:work-runtime:2.1.0] AndroidManifest.xml:32:13-68
179            android:directBootAware="false"
179-->[androidx.work:work-runtime:2.1.0] AndroidManifest.xml:33:13-44
180            android:exported="false"
180-->[androidx.work:work-runtime:2.1.0] AndroidManifest.xml:34:13-37
181            android:multiprocess="true" />
181-->[androidx.work:work-runtime:2.1.0] AndroidManifest.xml:35:13-40
182
183        <service
183-->[androidx.work:work-runtime:2.1.0] AndroidManifest.xml:38:9-43:35
184            android:name="androidx.work.impl.background.systemalarm.SystemAlarmService"
184-->[androidx.work:work-runtime:2.1.0] AndroidManifest.xml:39:13-88
185            android:directBootAware="false"
185-->[androidx.work:work-runtime:2.1.0] AndroidManifest.xml:40:13-44
186            android:enabled="@bool/enable_system_alarm_service_default"
186-->[androidx.work:work-runtime:2.1.0] AndroidManifest.xml:41:13-72
187            android:exported="false" />
187-->[androidx.work:work-runtime:2.1.0] AndroidManifest.xml:42:13-37
188        <service
188-->[androidx.work:work-runtime:2.1.0] AndroidManifest.xml:44:9-50:35
189            android:name="androidx.work.impl.background.systemjob.SystemJobService"
189-->[androidx.work:work-runtime:2.1.0] AndroidManifest.xml:45:13-84
190            android:directBootAware="false"
190-->[androidx.work:work-runtime:2.1.0] AndroidManifest.xml:46:13-44
191            android:enabled="@bool/enable_system_job_service_default"
191-->[androidx.work:work-runtime:2.1.0] AndroidManifest.xml:47:13-70
192            android:exported="true"
192-->[androidx.work:work-runtime:2.1.0] AndroidManifest.xml:48:13-36
193            android:permission="android.permission.BIND_JOB_SERVICE" />
193-->[androidx.work:work-runtime:2.1.0] AndroidManifest.xml:49:13-69
194
195        <receiver
195-->[androidx.work:work-runtime:2.1.0] AndroidManifest.xml:52:9-57:35
196            android:name="androidx.work.impl.utils.ForceStopRunnable$BroadcastReceiver"
196-->[androidx.work:work-runtime:2.1.0] AndroidManifest.xml:53:13-88
197            android:directBootAware="false"
197-->[androidx.work:work-runtime:2.1.0] AndroidManifest.xml:54:13-44
198            android:enabled="true"
198-->[androidx.work:work-runtime:2.1.0] AndroidManifest.xml:55:13-35
199            android:exported="false" />
199-->[androidx.work:work-runtime:2.1.0] AndroidManifest.xml:56:13-37
200        <receiver
200-->[androidx.work:work-runtime:2.1.0] AndroidManifest.xml:58:9-68:20
201            android:name="androidx.work.impl.background.systemalarm.ConstraintProxy$BatteryChargingProxy"
201-->[androidx.work:work-runtime:2.1.0] AndroidManifest.xml:59:13-106
202            android:directBootAware="false"
202-->[androidx.work:work-runtime:2.1.0] AndroidManifest.xml:60:13-44
203            android:enabled="false"
203-->[androidx.work:work-runtime:2.1.0] AndroidManifest.xml:61:13-36
204            android:exported="false" >
204-->[androidx.work:work-runtime:2.1.0] AndroidManifest.xml:62:13-37
205            <intent-filter>
205-->[androidx.work:work-runtime:2.1.0] AndroidManifest.xml:64:13-67:29
206                <action android:name="android.intent.action.ACTION_POWER_CONNECTED" />
206-->[androidx.work:work-runtime:2.1.0] AndroidManifest.xml:65:17-87
206-->[androidx.work:work-runtime:2.1.0] AndroidManifest.xml:65:25-84
207                <action android:name="android.intent.action.ACTION_POWER_DISCONNECTED" />
207-->[androidx.work:work-runtime:2.1.0] AndroidManifest.xml:66:17-90
207-->[androidx.work:work-runtime:2.1.0] AndroidManifest.xml:66:25-87
208            </intent-filter>
209        </receiver>
210        <receiver
210-->[androidx.work:work-runtime:2.1.0] AndroidManifest.xml:69:9-79:20
211            android:name="androidx.work.impl.background.systemalarm.ConstraintProxy$BatteryNotLowProxy"
211-->[androidx.work:work-runtime:2.1.0] AndroidManifest.xml:70:13-104
212            android:directBootAware="false"
212-->[androidx.work:work-runtime:2.1.0] AndroidManifest.xml:71:13-44
213            android:enabled="false"
213-->[androidx.work:work-runtime:2.1.0] AndroidManifest.xml:72:13-36
214            android:exported="false" >
214-->[androidx.work:work-runtime:2.1.0] AndroidManifest.xml:73:13-37
215            <intent-filter>
215-->[androidx.work:work-runtime:2.1.0] AndroidManifest.xml:75:13-78:29
216                <action android:name="android.intent.action.BATTERY_OKAY" />
216-->[androidx.work:work-runtime:2.1.0] AndroidManifest.xml:76:17-77
216-->[androidx.work:work-runtime:2.1.0] AndroidManifest.xml:76:25-74
217                <action android:name="android.intent.action.BATTERY_LOW" />
217-->[androidx.work:work-runtime:2.1.0] AndroidManifest.xml:77:17-76
217-->[androidx.work:work-runtime:2.1.0] AndroidManifest.xml:77:25-73
218            </intent-filter>
219        </receiver>
220        <receiver
220-->[androidx.work:work-runtime:2.1.0] AndroidManifest.xml:80:9-90:20
221            android:name="androidx.work.impl.background.systemalarm.ConstraintProxy$StorageNotLowProxy"
221-->[androidx.work:work-runtime:2.1.0] AndroidManifest.xml:81:13-104
222            android:directBootAware="false"
222-->[androidx.work:work-runtime:2.1.0] AndroidManifest.xml:82:13-44
223            android:enabled="false"
223-->[androidx.work:work-runtime:2.1.0] AndroidManifest.xml:83:13-36
224            android:exported="false" >
224-->[androidx.work:work-runtime:2.1.0] AndroidManifest.xml:84:13-37
225            <intent-filter>
225-->[androidx.work:work-runtime:2.1.0] AndroidManifest.xml:86:13-89:29
226                <action android:name="android.intent.action.DEVICE_STORAGE_LOW" />
226-->[androidx.work:work-runtime:2.1.0] AndroidManifest.xml:87:17-83
226-->[androidx.work:work-runtime:2.1.0] AndroidManifest.xml:87:25-80
227                <action android:name="android.intent.action.DEVICE_STORAGE_OK" />
227-->[androidx.work:work-runtime:2.1.0] AndroidManifest.xml:88:17-82
227-->[androidx.work:work-runtime:2.1.0] AndroidManifest.xml:88:25-79
228            </intent-filter>
229        </receiver>
230        <receiver
230-->[androidx.work:work-runtime:2.1.0] AndroidManifest.xml:91:9-100:20
231            android:name="androidx.work.impl.background.systemalarm.ConstraintProxy$NetworkStateProxy"
231-->[androidx.work:work-runtime:2.1.0] AndroidManifest.xml:92:13-103
232            android:directBootAware="false"
232-->[androidx.work:work-runtime:2.1.0] AndroidManifest.xml:93:13-44
233            android:enabled="false"
233-->[androidx.work:work-runtime:2.1.0] AndroidManifest.xml:94:13-36
234            android:exported="false" >
234-->[androidx.work:work-runtime:2.1.0] AndroidManifest.xml:95:13-37
235            <intent-filter>
235-->[androidx.work:work-runtime:2.1.0] AndroidManifest.xml:97:13-99:29
236                <action android:name="android.net.conn.CONNECTIVITY_CHANGE" />
236-->[androidx.work:work-runtime:2.1.0] AndroidManifest.xml:98:17-79
236-->[androidx.work:work-runtime:2.1.0] AndroidManifest.xml:98:25-76
237            </intent-filter>
238        </receiver>
239        <receiver
239-->[androidx.work:work-runtime:2.1.0] AndroidManifest.xml:101:9-112:20
240            android:name="androidx.work.impl.background.systemalarm.RescheduleReceiver"
240-->[androidx.work:work-runtime:2.1.0] AndroidManifest.xml:102:13-88
241            android:directBootAware="false"
241-->[androidx.work:work-runtime:2.1.0] AndroidManifest.xml:103:13-44
242            android:enabled="false"
242-->[androidx.work:work-runtime:2.1.0] AndroidManifest.xml:104:13-36
243            android:exported="false" >
243-->[androidx.work:work-runtime:2.1.0] AndroidManifest.xml:105:13-37
244            <intent-filter>
244-->[androidx.work:work-runtime:2.1.0] AndroidManifest.xml:107:13-111:29
245                <action android:name="android.intent.action.BOOT_COMPLETED" />
245-->src\main\AndroidManifest.xml:93:17-79
245-->src\main\AndroidManifest.xml:93:25-76
246                <action android:name="android.intent.action.TIME_SET" />
246-->[androidx.work:work-runtime:2.1.0] AndroidManifest.xml:109:17-73
246-->[androidx.work:work-runtime:2.1.0] AndroidManifest.xml:109:25-70
247                <action android:name="android.intent.action.TIMEZONE_CHANGED" />
247-->[androidx.work:work-runtime:2.1.0] AndroidManifest.xml:110:17-81
247-->[androidx.work:work-runtime:2.1.0] AndroidManifest.xml:110:25-78
248            </intent-filter>
249        </receiver>
250        <receiver
250-->[androidx.work:work-runtime:2.1.0] AndroidManifest.xml:113:9-122:20
251            android:name="androidx.work.impl.background.systemalarm.ConstraintProxyUpdateReceiver"
251-->[androidx.work:work-runtime:2.1.0] AndroidManifest.xml:114:13-99
252            android:directBootAware="false"
252-->[androidx.work:work-runtime:2.1.0] AndroidManifest.xml:115:13-44
253            android:enabled="@bool/enable_system_alarm_service_default"
253-->[androidx.work:work-runtime:2.1.0] AndroidManifest.xml:116:13-72
254            android:exported="false" >
254-->[androidx.work:work-runtime:2.1.0] AndroidManifest.xml:117:13-37
255            <intent-filter>
255-->[androidx.work:work-runtime:2.1.0] AndroidManifest.xml:119:13-121:29
256                <action android:name="androidx.work.impl.background.systemalarm.UpdateProxies" />
256-->[androidx.work:work-runtime:2.1.0] AndroidManifest.xml:120:17-98
256-->[androidx.work:work-runtime:2.1.0] AndroidManifest.xml:120:25-95
257            </intent-filter>
258        </receiver>
259
260        <service
260-->[androidx.room:room-runtime:2.2.5] AndroidManifest.xml:25:9-28:40
261            android:name="androidx.room.MultiInstanceInvalidationService"
261-->[androidx.room:room-runtime:2.2.5] AndroidManifest.xml:26:13-74
262            android:directBootAware="true"
262-->[androidx.room:room-runtime:2.2.5] AndroidManifest.xml:27:13-43
263            android:exported="false" />
263-->[androidx.room:room-runtime:2.2.5] AndroidManifest.xml:28:13-37
264
265        <activity
265-->[com.google.android.gms:play-services-base:17.0.0] AndroidManifest.xml:23:9-26:75
266            android:name="com.google.android.gms.common.api.GoogleApiActivity"
266-->[com.google.android.gms:play-services-base:17.0.0] AndroidManifest.xml:24:13-79
267            android:exported="false"
267-->[com.google.android.gms:play-services-base:17.0.0] AndroidManifest.xml:25:13-37
268            android:theme="@android:style/Theme.Translucent.NoTitleBar" />
268-->[com.google.android.gms:play-services-base:17.0.0] AndroidManifest.xml:26:13-72
269        <activity
269-->[com.facebook.android:audience-network-sdk:5.10.0] AndroidManifest.xml:15:9-19:75
270            android:name="com.facebook.ads.AudienceNetworkActivity"
270-->[com.facebook.android:audience-network-sdk:5.10.0] AndroidManifest.xml:16:13-68
271            android:configChanges="keyboardHidden|orientation|screenSize"
271-->[com.facebook.android:audience-network-sdk:5.10.0] AndroidManifest.xml:17:13-74
272            android:exported="false"
272-->[com.facebook.android:audience-network-sdk:5.10.0] AndroidManifest.xml:18:13-37
273            android:theme="@android:style/Theme.Translucent.NoTitleBar" />
273-->[com.facebook.android:audience-network-sdk:5.10.0] AndroidManifest.xml:19:13-72
274
275        <provider
275-->[com.facebook.android:audience-network-sdk:5.10.0] AndroidManifest.xml:21:9-24:40
276            android:name="com.facebook.ads.AudienceNetworkContentProvider"
276-->[com.facebook.android:audience-network-sdk:5.10.0] AndroidManifest.xml:22:13-75
277            android:authorities="com.androidbull.mypronounce.AudienceNetworkContentProvider"
277-->[com.facebook.android:audience-network-sdk:5.10.0] AndroidManifest.xml:23:13-82
278            android:exported="false" />